[2024-07-08 13:28:42,853: INFO: common: yaml file: config\config.yaml loaded successfully]
[2024-07-08 13:28:42,867: INFO: common: yaml file: params.yaml loaded successfully]
[2024-07-08 13:28:42,869: INFO: common: created directory at: artifacts]
[2024-07-08 13:28:42,870: INFO: common: created directory at: artifacts/data_ingestion]
[2024-07-08 13:28:42,871: INFO: 1170291011: File already exists of size: ~ 11345 KB]
[2024-07-08 14:10:37,265: INFO: main: >>>>>> stage Data Ingestion stage started <<<<<<]
[2024-07-08 14:10:37,279: INFO: common: yaml file: config\config.yaml loaded successfully]
[2024-07-08 14:10:37,282: INFO: common: yaml file: params.yaml loaded successfully]
[2024-07-08 14:10:37,283: INFO: common: created directory at: artifacts]
[2024-07-08 14:10:37,289: INFO: common: created directory at: artifacts/data_ingestion]
[2024-07-08 14:11:07,766: INFO: data_ingestion: artifacts/data_ingestion/data.zip download! with following info: 
Connection: close
Content-Length: 11616915
Cache-Control: max-age=300
Content-Security-Policy: default-src 'none'; style-src 'unsafe-inline'; sandbox
Content-Type: application/zip
ETag: "adf745abc03891fe493c3be264ec012691fe3fa21d861f35a27edbe6d86a76b1"
Strict-Transport-Security: max-age=31536000
X-Content-Type-Options: nosniff
X-Frame-Options: deny
X-XSS-Protection: 1; mode=block
X-GitHub-Request-Id: E411:1C3729:1DF96B:29CA55:668BA605
Accept-Ranges: bytes
Date: Mon, 08 Jul 2024 08:40:39 GMT
Via: 1.1 varnish
X-Served-By: cache-hyd1100026-HYD
X-Cache: MISS
X-Cache-Hits: 0
X-Timer: S1720428038.320284,VS0,VE953
Vary: Authorization,Accept-Encoding,Origin
Access-Control-Allow-Origin: *
Cross-Origin-Resource-Policy: cross-origin
X-Fastly-Request-ID: b25adb291884453c150eb1553b2a8cf037186670
Expires: Mon, 08 Jul 2024 08:45:39 GMT
Source-Age: 1

]
[2024-07-08 14:11:08,608: INFO: main: >>>>>> stage Data Ingestion stage completed <<<<<<

x==========x]
[2024-07-08 14:14:53,237: INFO: common: yaml file: config\config.yaml loaded successfully]
[2024-07-08 14:14:53,261: INFO: common: yaml file: params.yaml loaded successfully]
[2024-07-08 14:18:51,205: INFO: common: yaml file: config\config.yaml loaded successfully]
[2024-07-08 14:18:51,212: INFO: common: yaml file: params.yaml loaded successfully]
[2024-07-08 14:21:03,721: INFO: common: yaml file: config\config.yaml loaded successfully]
[2024-07-08 14:21:03,727: INFO: common: yaml file: params.yaml loaded successfully]
[2024-07-08 14:21:03,730: INFO: common: created directory at: artifacts]
[2024-07-08 14:21:03,732: INFO: common: created directory at: artifacts/prepare_base_model]
[2024-07-08 14:21:04,588: WARNING: saving_utils: Compiled the loaded model, but the compiled metrics have yet to be built. `model.compile_metrics` will be empty until you train or evaluate the model.]
[2024-07-08 14:25:00,926: INFO: main: >>>>>> stage Data Ingestion stage started <<<<<<]
[2024-07-08 14:25:00,928: INFO: common: yaml file: config\config.yaml loaded successfully]
[2024-07-08 14:25:00,930: INFO: common: yaml file: params.yaml loaded successfully]
[2024-07-08 14:25:00,931: INFO: common: created directory at: artifacts]
[2024-07-08 14:25:00,931: INFO: common: created directory at: artifacts/data_ingestion]
[2024-07-08 14:25:00,932: INFO: data_ingestion: File already exists of size: ~ 11345 KB]
[2024-07-08 14:25:01,372: INFO: main: >>>>>> stage Data Ingestion stage completed <<<<<<

x==========x]
[2024-07-08 14:25:01,372: INFO: main: *******************]
[2024-07-08 14:25:01,374: INFO: main: >>>>>> stage Prepare base model started <<<<<<]
[2024-07-08 14:25:01,380: INFO: common: yaml file: config\config.yaml loaded successfully]
[2024-07-08 14:25:01,383: INFO: common: yaml file: params.yaml loaded successfully]
[2024-07-08 14:25:01,385: INFO: common: created directory at: artifacts]
[2024-07-08 14:25:01,386: INFO: common: created directory at: artifacts/prepare_base_model]
[2024-07-08 14:25:02,040: WARNING: saving_utils: Compiled the loaded model, but the compiled metrics have yet to be built. `model.compile_metrics` will be empty until you train or evaluate the model.]
[2024-07-08 14:25:02,924: INFO: main: >>>>>> stage Prepare base model completed <<<<<<

x==========x]
[2024-07-08 14:27:50,532: INFO: common: yaml file: config\config.yaml loaded successfully]
[2024-07-08 14:27:50,536: INFO: common: yaml file: params.yaml loaded successfully]
[2024-07-08 14:27:50,539: INFO: common: created directory at: artifacts]
[2024-07-08 14:27:50,552: INFO: common: created directory at: artifacts\prepare_callbacks\checkpoint_dir]
[2024-07-08 14:27:50,554: INFO: common: created directory at: artifacts\prepare_callbacks\tensorboard_log_dir]
[2024-07-08 14:33:07,236: INFO: common: yaml file: config\config.yaml loaded successfully]
[2024-07-08 14:33:07,241: INFO: common: yaml file: params.yaml loaded successfully]
[2024-07-08 14:33:07,243: INFO: common: created directory at: artifacts]
[2024-07-08 14:33:07,247: INFO: common: created directory at: artifacts\prepare_callbacks\checkpoint_dir]
[2024-07-08 14:33:07,249: INFO: common: created directory at: artifacts\prepare_callbacks\tensorboard_log_dir]
[2024-07-08 14:33:07,291: INFO: common: created directory at: artifacts\training]
[2024-07-08 14:34:22,023: INFO: common: yaml file: config\config.yaml loaded successfully]
[2024-07-08 14:34:22,035: INFO: common: yaml file: params.yaml loaded successfully]
[2024-07-08 14:34:22,036: INFO: common: created directory at: artifacts]
[2024-07-08 14:34:22,038: INFO: common: created directory at: artifacts\prepare_callbacks\checkpoint_dir]
[2024-07-08 14:34:22,039: INFO: common: created directory at: artifacts\prepare_callbacks\tensorboard_log_dir]
[2024-07-08 14:34:22,043: INFO: common: created directory at: artifacts\training]
[2024-07-08 14:39:42,461: INFO: main: >>>>>> stage Data Ingestion stage started <<<<<<]
[2024-07-08 14:39:42,467: INFO: common: yaml file: config\config.yaml loaded successfully]
[2024-07-08 14:39:42,469: INFO: common: yaml file: params.yaml loaded successfully]
[2024-07-08 14:39:42,470: INFO: common: created directory at: artifacts]
[2024-07-08 14:39:42,471: INFO: common: created directory at: artifacts/data_ingestion]
[2024-07-08 14:39:42,471: INFO: data_ingestion: File already exists of size: ~ 11345 KB]
[2024-07-08 14:39:43,057: INFO: main: >>>>>> stage Data Ingestion stage completed <<<<<<

x==========x]
[2024-07-08 14:39:43,058: INFO: main: *******************]
[2024-07-08 14:39:43,059: INFO: main: >>>>>> stage Prepare base model started <<<<<<]
[2024-07-08 14:39:43,073: INFO: common: yaml file: config\config.yaml loaded successfully]
[2024-07-08 14:39:43,102: INFO: common: yaml file: params.yaml loaded successfully]
[2024-07-08 14:39:43,104: INFO: common: created directory at: artifacts]
[2024-07-08 14:39:43,106: INFO: common: created directory at: artifacts/prepare_base_model]
[2024-07-08 14:39:43,972: WARNING: saving_utils: Compiled the loaded model, but the compiled metrics have yet to be built. `model.compile_metrics` will be empty until you train or evaluate the model.]
[2024-07-08 14:39:44,404: INFO: main: >>>>>> stage Prepare base model completed <<<<<<

x==========x]
[2024-07-08 14:39:44,405: INFO: main: *******************]
[2024-07-08 14:39:44,405: INFO: main: >>>>>> stage Training started <<<<<<]
[2024-07-08 14:39:44,408: INFO: common: yaml file: config\config.yaml loaded successfully]
[2024-07-08 14:39:44,410: INFO: common: yaml file: params.yaml loaded successfully]
[2024-07-08 14:39:44,411: INFO: common: created directory at: artifacts]
[2024-07-08 14:39:44,417: INFO: common: created directory at: artifacts\prepare_callbacks\checkpoint_dir]
[2024-07-08 14:39:44,418: INFO: common: created directory at: artifacts\prepare_callbacks\tensorboard_log_dir]
[2024-07-08 14:39:44,421: INFO: common: created directory at: artifacts\training]
[2024-07-08 14:41:50,922: INFO: main: >>>>>> stage Training completed <<<<<<

x==========x]
[2024-07-08 14:45:33,757: INFO: common: yaml file: config\config.yaml loaded successfully]
[2024-07-08 14:45:33,763: INFO: common: yaml file: params.yaml loaded successfully]
[2024-07-08 14:45:33,766: INFO: common: created directory at: artifacts]
[2024-07-08 14:46:39,493: INFO: common: json file saved at: scores.json]
[2024-07-08 14:49:35,368: INFO: main: >>>>>> stage Data Ingestion stage started <<<<<<]
[2024-07-08 14:49:35,375: INFO: common: yaml file: config\config.yaml loaded successfully]
[2024-07-08 14:49:35,381: INFO: common: yaml file: params.yaml loaded successfully]
[2024-07-08 14:49:35,382: INFO: common: created directory at: artifacts]
[2024-07-08 14:49:35,384: INFO: common: created directory at: artifacts/data_ingestion]
[2024-07-08 14:49:35,394: INFO: data_ingestion: File already exists of size: ~ 11345 KB]
[2024-07-08 14:49:36,193: INFO: main: >>>>>> stage Data Ingestion stage completed <<<<<<

x==========x]
[2024-07-08 14:49:36,198: INFO: main: *******************]
[2024-07-08 14:49:36,198: INFO: main: >>>>>> stage Prepare base model started <<<<<<]
[2024-07-08 14:49:36,234: INFO: common: yaml file: config\config.yaml loaded successfully]
[2024-07-08 14:49:36,261: INFO: common: yaml file: params.yaml loaded successfully]
[2024-07-08 14:49:36,281: INFO: common: created directory at: artifacts]
[2024-07-08 14:49:36,283: INFO: common: created directory at: artifacts/prepare_base_model]
[2024-07-08 14:49:37,369: WARNING: saving_utils: Compiled the loaded model, but the compiled metrics have yet to be built. `model.compile_metrics` will be empty until you train or evaluate the model.]
[2024-07-08 14:49:37,902: INFO: main: >>>>>> stage Prepare base model completed <<<<<<

x==========x]
[2024-07-08 14:49:37,902: INFO: main: *******************]
[2024-07-08 14:49:37,902: INFO: main: >>>>>> stage Training started <<<<<<]
[2024-07-08 14:49:37,908: INFO: common: yaml file: config\config.yaml loaded successfully]
[2024-07-08 14:49:37,911: INFO: common: yaml file: params.yaml loaded successfully]
[2024-07-08 14:49:37,913: INFO: common: created directory at: artifacts]
[2024-07-08 14:49:37,914: INFO: common: created directory at: artifacts\prepare_callbacks\checkpoint_dir]
[2024-07-08 14:49:37,915: INFO: common: created directory at: artifacts\prepare_callbacks\tensorboard_log_dir]
[2024-07-08 14:49:37,920: INFO: common: created directory at: artifacts\training]
[2024-07-08 14:52:02,259: INFO: main: >>>>>> stage Training completed <<<<<<

x==========x]
[2024-07-08 14:52:02,259: INFO: main: *******************]
[2024-07-08 14:52:02,261: INFO: main: >>>>>> stage Evaluation stage started <<<<<<]
[2024-07-08 14:52:02,265: INFO: common: yaml file: config\config.yaml loaded successfully]
[2024-07-08 14:52:02,270: INFO: common: yaml file: params.yaml loaded successfully]
[2024-07-08 14:52:02,272: INFO: common: created directory at: artifacts]
[2024-07-08 14:52:46,622: INFO: common: json file saved at: scores.json]
[2024-07-08 14:52:46,624: INFO: main: >>>>>> stage Evaluation stage completed <<<<<<

x==========x]
